<?xml version="1.0" encoding="UTF-8"?>
<testng-results ignored="0" total="1" passed="1" failed="0" skipped="0">
  <reporter-output>
  </reporter-output>
  <suite started-at="2022-03-16T08:30:31 IST" name="Default suite" finished-at="2022-03-16T08:30:33 IST" duration-ms="1819">
    <groups>
    </groups>
    <test started-at="2022-03-16T08:30:31 IST" name="Default test" finished-at="2022-03-16T08:30:33 IST" duration-ms="1819">
      <class name="SumValidation">
        <test-method signature="sumOfCourses()[pri:0, instance:SumValidation@10163d6]" started-at="2022-03-16T08:30:31 IST" name="sumOfCourses" finished-at="2022-03-16T08:30:33 IST" duration-ms="1745" status="PASS">
          <reporter-output>
          </reporter-output>
        </test-method> <!-- sumOfCourses -->
      </class> <!-- SumValidation -->
    </test> <!-- Default test -->
  </suite> <!-- Default suite -->
</testng-results>
